<?xml version="1.0" encoding="UTF-8"?>
<testsuite name="com.tubtale.otbackend.TreeApiTest" tests="12" skipped="0" failures="0" errors="0" timestamp="2015-06-26T15:50:30" hostname="mbaLau.local" time="166.457">
  <properties/>
  <testcase name="getV1ItemsIdShouldReturnSpecifiedTree" classname="com.tubtale.otbackend.TreeApiTest" time="134.413"/>
  <testcase name="getV1ItemsShouldReturnListOfTrees" classname="com.tubtale.otbackend.TreeApiTest" time="6.181"/>
  <testcase name="putV1ItemsShouldBePostableAndGettable" classname="com.tubtale.otbackend.TreeApiTest" time="1.642"/>
  <testcase name="v1ItemsShouldReturnStatus200" classname="com.tubtale.otbackend.TreeApiTest" time="0.427"/>
  <testcase name="putV1ItemsIdShouldSaveNewTree" classname="com.tubtale.otbackend.TreeApiTest" time="1.593"/>
  <testcase name="getTreesShouldReturnNumberOfEmptyTrees" classname="com.tubtale.otbackend.TreeApiTest" time="3.2"/>
  <testcase name="deleteV1ItemsShouldDeleteAllTrees" classname="com.tubtale.otbackend.TreeApiTest" time="1.041"/>
  <testcase name="getV1ItemsShouldReturnTypeApplicationJson" classname="com.tubtale.otbackend.TreeApiTest" time="0.422"/>
  <testcase name="getV1ItemsShouldReturnListOfTreesWithoutExceptionsFromTheList" classname="com.tubtale.otbackend.TreeApiTest" time="6.09"/>
  <testcase name="puttingTreeInAFullCellShouldReturnNull" classname="com.tubtale.otbackend.TreeApiTest" time="4.774"/>
  <testcase name="getTreesShouldReturnOrderedTrees" classname="com.tubtale.otbackend.TreeApiTest" time="3.857"/>
  <testcase name="deleteV1ItemsIdShouldDeleteExistingTree" classname="com.tubtale.otbackend.TreeApiTest" time="2.812"/>
  <system-out><![CDATA[Hibernate: 
    select
        nextval ('hibernate_sequence')
Hibernate: 
    insert 
    into
        Tree
        (ip, location, metersToHide, text, "timestamp", id) 
    values
        (?, ?, ?, ?, ?, ?)
Hibernate: 
    select
        tree0_.id as id1_0_0_,
        tree0_.ip as ip2_0_0_,
        tree0_.location as location3_0_0_,
        tree0_.metersToHide as metersTo4_0_0_,
        tree0_.text as text5_0_0_,
        tree0_."timestamp" as timestam6_0_0_ 
    from
        Tree tree0_ 
    where
        tree0_.id=?
SELECT COUNT(*)FROM Tree WHERE Tree.location && ST_MakeEnvelope(2.0, 2.0, 2.0001, 2.0001, 4326) 
Hibernate: 
    SELECT
        COUNT(*)
    FROM
        Tree 
    WHERE
        Tree.location && ST_MakeEnvelope(2.0, 2.0, 2.0001, 2.0001, 4326) 
Hibernate: 
    delete 
    from
        Tree
Hibernate: 
    select
        nextval ('hibernate_sequence')
Hibernate: 
    insert 
    into
        Tree
        (ip, location, metersToHide, text, "timestamp", id) 
    values
        (?, ?, ?, ?, ?, ?)
Hibernate: 
    select
        nextval ('hibernate_sequence')
Hibernate: 
    insert 
    into
        Tree
        (ip, location, metersToHide, text, "timestamp", id) 
    values
        (?, ?, ?, ?, ?, ?)
Hibernate: 
    select
        nextval ('hibernate_sequence')
Hibernate: 
    insert 
    into
        Tree
        (ip, location, metersToHide, text, "timestamp", id) 
    values
        (?, ?, ?, ?, ?, ?)
Hibernate: 
    select
        nextval ('hibernate_sequence')
Hibernate: 
    insert 
    into
        Tree
        (ip, location, metersToHide, text, "timestamp", id) 
    values
        (?, ?, ?, ?, ?, ?)
Hibernate: 
    select
        nextval ('hibernate_sequence')
Hibernate: 
    insert 
    into
        Tree
        (ip, location, metersToHide, text, "timestamp", id) 
    values
        (?, ?, ?, ?, ?, ?)
Hibernate: 
    select
        nextval ('hibernate_sequence')
Hibernate: 
    insert 
    into
        Tree
        (ip, location, metersToHide, text, "timestamp", id) 
    values
        (?, ?, ?, ?, ?, ?)
Hibernate: 
    select
        nextval ('hibernate_sequence')
Hibernate: 
    insert 
    into
        Tree
        (ip, location, metersToHide, text, "timestamp", id) 
    values
        (?, ?, ?, ?, ?, ?)
Hibernate: 
    select
        nextval ('hibernate_sequence')
Hibernate: 
    insert 
    into
        Tree
        (ip, location, metersToHide, text, "timestamp", id) 
    values
        (?, ?, ?, ?, ?, ?)
Hibernate: 
    select
        nextval ('hibernate_sequence')
Hibernate: 
    insert 
    into
        Tree
        (ip, location, metersToHide, text, "timestamp", id) 
    values
        (?, ?, ?, ?, ?, ?)
dontinclude.....[]
---------------DONT INCLUDE SIZE---------------------------->0
Hibernate: 
    SELECT
        * 
    FROM
        Tree 
    ORDER BY
        ST_Distance(Tree.location,
        ST_Geomfromtext('POINT(0.0 0.0)',
        4326)) limit 7
SELECT COUNT(*)FROM Tree WHERE Tree.location && ST_MakeEnvelope(0.0, 0.0, 1.0E-4, 1.0E-4, 4326) 
Hibernate: 
    SELECT
        COUNT(*)
    FROM
        Tree 
    WHERE
        Tree.location && ST_MakeEnvelope(0.0, 0.0, 1.0E-4, 1.0E-4, 4326) 
Hibernate: 
    delete 
    from
        Tree
SELECT COUNT(*)FROM Tree WHERE Tree.location && ST_MakeEnvelope(123.0, 123.0, 123.0001, 123.0001, 4326) 
Hibernate: 
    SELECT
        COUNT(*)
    FROM
        Tree 
    WHERE
        Tree.location && ST_MakeEnvelope(123.0, 123.0, 123.0001, 123.0001, 4326) 
Hibernate: 
    select
        nextval ('hibernate_sequence')
Hibernate: 
    insert 
    into
        Tree
        (ip, location, metersToHide, text, "timestamp", id) 
    values
        (?, ?, ?, ?, ?, ?)
ANS:{ "treeContent":{"id":1846,"text":"This is new title","ip":null,"metersToHide":0,"timestamp":1435333970975,"x":123.0,"y":123.0},"emptyTrees":5}
Hibernate: 
    select
        tree0_.id as id1_0_0_,
        tree0_.ip as ip2_0_0_,
        tree0_.location as location3_0_0_,
        tree0_.metersToHide as metersTo4_0_0_,
        tree0_.text as text5_0_0_,
        tree0_."timestamp" as timestam6_0_0_ 
    from
        Tree tree0_ 
    where
        tree0_.id=?
Hibernate: 
    SELECT
        * 
    FROM
        Tree 
    ORDER BY
        ST_Distance(Tree.location,
        ST_Geomfromtext('POINT(0.0 0.0)',
        4326)) limit 7
Hibernate: 
    delete 
    from
        Tree
dontinclude.....null
Hibernate: 
    delete 
    from
        Tree
SELECT COUNT(*)FROM Tree WHERE Tree.location && ST_MakeEnvelope(110.0, 110.0, 110.0001, 110.0001, 4326) 
Hibernate: 
    SELECT
        COUNT(*)
    FROM
        Tree 
    WHERE
        Tree.location && ST_MakeEnvelope(110.0, 110.0, 110.0001, 110.0001, 4326) 
Hibernate: 
    select
        nextval ('hibernate_sequence')
Hibernate: 
    insert 
    into
        Tree
        (ip, location, metersToHide, text, "timestamp", id) 
    values
        (?, ?, ?, ?, ?, ?)
Hibernate: 
    select
        tree0_.id as id1_0_0_,
        tree0_.ip as ip2_0_0_,
        tree0_.location as location3_0_0_,
        tree0_.metersToHide as metersTo4_0_0_,
        tree0_.text as text5_0_0_,
        tree0_."timestamp" as timestam6_0_0_ 
    from
        Tree tree0_ 
    where
        tree0_.id=?
Hibernate: 
    SELECT
        * 
    FROM
        Tree 
    ORDER BY
        ST_Distance(Tree.location,
        ST_Geomfromtext('POINT(0.0 0.0)',
        4326)) limit 7
Hibernate: 
    delete 
    from
        Tree
Hibernate: 
    select
        nextval ('hibernate_sequence')
Hibernate: 
    insert 
    into
        Tree
        (ip, location, metersToHide, text, "timestamp", id) 
    values
        (?, ?, ?, ?, ?, ?)
Hibernate: 
    select
        nextval ('hibernate_sequence')
Hibernate: 
    insert 
    into
        Tree
        (ip, location, metersToHide, text, "timestamp", id) 
    values
        (?, ?, ?, ?, ?, ?)
Hibernate: 
    select
        nextval ('hibernate_sequence')
Hibernate: 
    insert 
    into
        Tree
        (ip, location, metersToHide, text, "timestamp", id) 
    values
        (?, ?, ?, ?, ?, ?)
Hibernate: 
    select
        nextval ('hibernate_sequence')
Hibernate: 
    insert 
    into
        Tree
        (ip, location, metersToHide, text, "timestamp", id) 
    values
        (?, ?, ?, ?, ?, ?)
Hibernate: 
    select
        nextval ('hibernate_sequence')
Hibernate: 
    insert 
    into
        Tree
        (ip, location, metersToHide, text, "timestamp", id) 
    values
        (?, ?, ?, ?, ?, ?)
dontinclude.....null
Hibernate: 
    delete 
    from
        Tree
deleting ALL trees
Hibernate: 
    delete 
    from
        Tree
Hibernate: 
    SELECT
        * 
    FROM
        Tree 
    ORDER BY
        ST_Distance(Tree.location,
        ST_Geomfromtext('POINT(0.0 0.0)',
        4326)) limit 7
Hibernate: 
    delete 
    from
        Tree
dontinclude.....null
Hibernate: 
    delete 
    from
        Tree
Hibernate: 
    select
        nextval ('hibernate_sequence')
Hibernate: 
    insert 
    into
        Tree
        (ip, location, metersToHide, text, "timestamp", id) 
    values
        (?, ?, ?, ?, ?, ?)
Hibernate: 
    select
        nextval ('hibernate_sequence')
Hibernate: 
    insert 
    into
        Tree
        (ip, location, metersToHide, text, "timestamp", id) 
    values
        (?, ?, ?, ?, ?, ?)
Hibernate: 
    select
        nextval ('hibernate_sequence')
Hibernate: 
    insert 
    into
        Tree
        (ip, location, metersToHide, text, "timestamp", id) 
    values
        (?, ?, ?, ?, ?, ?)
Hibernate: 
    select
        nextval ('hibernate_sequence')
Hibernate: 
    insert 
    into
        Tree
        (ip, location, metersToHide, text, "timestamp", id) 
    values
        (?, ?, ?, ?, ?, ?)
Hibernate: 
    select
        nextval ('hibernate_sequence')
Hibernate: 
    insert 
    into
        Tree
        (ip, location, metersToHide, text, "timestamp", id) 
    values
        (?, ?, ?, ?, ?, ?)
Hibernate: 
    select
        nextval ('hibernate_sequence')
Hibernate: 
    insert 
    into
        Tree
        (ip, location, metersToHide, text, "timestamp", id) 
    values
        (?, ?, ?, ?, ?, ?)
Hibernate: 
    select
        nextval ('hibernate_sequence')
Hibernate: 
    insert 
    into
        Tree
        (ip, location, metersToHide, text, "timestamp", id) 
    values
        (?, ?, ?, ?, ?, ?)
Hibernate: 
    select
        nextval ('hibernate_sequence')
Hibernate: 
    insert 
    into
        Tree
        (ip, location, metersToHide, text, "timestamp", id) 
    values
        (?, ?, ?, ?, ?, ?)
Hibernate: 
    select
        nextval ('hibernate_sequence')
Hibernate: 
    insert 
    into
        Tree
        (ip, location, metersToHide, text, "timestamp", id) 
    values
        (?, ?, ?, ?, ?, ?)
dontinclude.....[1854,1856,1858]
---------------DONT INCLUDE SIZE---------------------------->3
Hibernate: 
    SELECT
        * 
    FROM
        Tree 
    ORDER BY
        ST_Distance(Tree.location,
        ST_Geomfromtext('POINT(1.100000023841858 0.0)',
        4326)) limit 10
SELECT COUNT(*)FROM Tree WHERE Tree.location && ST_MakeEnvelope(1.1, 0.0, 1.100100023841858, 1.0E-4, 4326) 
Hibernate: 
    SELECT
        COUNT(*)
    FROM
        Tree 
    WHERE
        Tree.location && ST_MakeEnvelope(1.1, 0.0, 1.100100023841858, 1.0E-4, 4326) 
Hibernate: 
    delete 
    from
        Tree
Hibernate: 
    select
        nextval ('hibernate_sequence')
Hibernate: 
    insert 
    into
        Tree
        (ip, location, metersToHide, text, "timestamp", id) 
    values
        (?, ?, ?, ?, ?, ?)
Hibernate: 
    select
        nextval ('hibernate_sequence')
Hibernate: 
    insert 
    into
        Tree
        (ip, location, metersToHide, text, "timestamp", id) 
    values
        (?, ?, ?, ?, ?, ?)
Hibernate: 
    select
        nextval ('hibernate_sequence')
Hibernate: 
    insert 
    into
        Tree
        (ip, location, metersToHide, text, "timestamp", id) 
    values
        (?, ?, ?, ?, ?, ?)
Hibernate: 
    select
        nextval ('hibernate_sequence')
Hibernate: 
    insert 
    into
        Tree
        (ip, location, metersToHide, text, "timestamp", id) 
    values
        (?, ?, ?, ?, ?, ?)
Hibernate: 
    select
        nextval ('hibernate_sequence')
Hibernate: 
    insert 
    into
        Tree
        (ip, location, metersToHide, text, "timestamp", id) 
    values
        (?, ?, ?, ?, ?, ?)
Hibernate: 
    select
        nextval ('hibernate_sequence')
Hibernate: 
    insert 
    into
        Tree
        (ip, location, metersToHide, text, "timestamp", id) 
    values
        (?, ?, ?, ?, ?, ?)
Hibernate: 
    select
        nextval ('hibernate_sequence')
Hibernate: 
    insert 
    into
        Tree
        (ip, location, metersToHide, text, "timestamp", id) 
    values
        (?, ?, ?, ?, ?, ?)
dontinclude.....null
SELECT COUNT(*)FROM Tree WHERE Tree.location && ST_MakeEnvelope(1.4, 45.0, 1.400099976158142, 45.0001, 4326) 
Hibernate: 
    SELECT
        COUNT(*)
    FROM
        Tree 
    WHERE
        Tree.location && ST_MakeEnvelope(1.4, 45.0, 1.400099976158142, 45.0001, 4326) 
Hibernate: 
    delete 
    from
        Tree
Hibernate: 
    select
        nextval ('hibernate_sequence')
Hibernate: 
    insert 
    into
        Tree
        (ip, location, metersToHide, text, "timestamp", id) 
    values
        (?, ?, ?, ?, ?, ?)
Hibernate: 
    select
        nextval ('hibernate_sequence')
Hibernate: 
    insert 
    into
        Tree
        (ip, location, metersToHide, text, "timestamp", id) 
    values
        (?, ?, ?, ?, ?, ?)
Hibernate: 
    select
        nextval ('hibernate_sequence')
Hibernate: 
    insert 
    into
        Tree
        (ip, location, metersToHide, text, "timestamp", id) 
    values
        (?, ?, ?, ?, ?, ?)
Hibernate: 
    select
        nextval ('hibernate_sequence')
Hibernate: 
    insert 
    into
        Tree
        (ip, location, metersToHide, text, "timestamp", id) 
    values
        (?, ?, ?, ?, ?, ?)
Hibernate: 
    select
        nextval ('hibernate_sequence')
Hibernate: 
    insert 
    into
        Tree
        (ip, location, metersToHide, text, "timestamp", id) 
    values
        (?, ?, ?, ?, ?, ?)
dontinclude.....[]
---------------DONT INCLUDE SIZE---------------------------->0
Hibernate: 
    SELECT
        * 
    FROM
        Tree 
    ORDER BY
        ST_Distance(Tree.location,
        ST_Geomfromtext('POINT(1.2050000429153442 38.66999816894531)',
        4326)) limit 7
SELECT COUNT(*)FROM Tree WHERE Tree.location && ST_MakeEnvelope(1.205, 38.6699, 1.2051000429153442, 38.66999898681641, 4326) 
Hibernate: 
    SELECT
        COUNT(*)
    FROM
        Tree 
    WHERE
        Tree.location && ST_MakeEnvelope(1.205, 38.6699, 1.2051000429153442, 38.66999898681641, 4326) 
Hibernate: 
    delete 
    from
        Tree
Hibernate: 
    select
        nextval ('hibernate_sequence')
Hibernate: 
    insert 
    into
        Tree
        (ip, location, metersToHide, text, "timestamp", id) 
    values
        (?, ?, ?, ?, ?, ?)
Hibernate: 
    select
        nextval ('hibernate_sequence')
Hibernate: 
    insert 
    into
        Tree
        (ip, location, metersToHide, text, "timestamp", id) 
    values
        (?, ?, ?, ?, ?, ?)
Hibernate: 
    select
        nextval ('hibernate_sequence')
Hibernate: 
    insert 
    into
        Tree
        (ip, location, metersToHide, text, "timestamp", id) 
    values
        (?, ?, ?, ?, ?, ?)
Hibernate: 
    select
        tree0_.id as id1_0_0_,
        tree0_.ip as ip2_0_0_,
        tree0_.location as location3_0_0_,
        tree0_.metersToHide as metersTo4_0_0_,
        tree0_.text as text5_0_0_,
        tree0_."timestamp" as timestam6_0_0_ 
    from
        Tree tree0_ 
    where
        tree0_.id=?
Hibernate: 
    delete 
    from
        Tree 
    where
        id=1874
Hibernate: 
    SELECT
        * 
    FROM
        Tree 
    ORDER BY
        ST_Distance(Tree.location,
        ST_Geomfromtext('POINT(0.0 0.0)',
        4326)) limit 7
Hibernate: 
    delete 
    from
        Tree
]]></system-out>
  <system-err><![CDATA[de juny 26, 2015 5:50:29 PM org.glassfish.jersey.server.ApplicationHandler initialize
INFO: Initiating Jersey application, version Jersey: 2.7 2014-03-12 18:11:31...
de juny 26, 2015 5:50:30 PM org.glassfish.grizzly.http.server.NetworkListener start
INFO: Started listener bound to [127.0.0.1:8080]
de juny 26, 2015 5:50:30 PM org.glassfish.grizzly.http.server.HttpServer start
INFO: [HttpServer] Started.
de juny 26, 2015 5:50:30 PM org.hibernate.jpa.internal.util.LogHelper logPersistenceUnitInformation
INFO: HHH000204: Processing PersistenceUnitInfo [
	name: org.hibernate.events.jpa
	...]
de juny 26, 2015 5:50:31 PM org.hibernate.Version logVersion
INFO: HHH000412: Hibernate Core {5.0.0.CR1}
de juny 26, 2015 5:50:31 PM org.hibernate.cfg.Environment <clinit>
INFO: HHH000206: hibernate.properties not found
de juny 26, 2015 5:50:31 PM org.hibernate.cfg.Environment buildBytecodeProvider
INFO: HHH000021: Bytecode provider name : javassist
de juny 26, 2015 5:50:31 PM org.hibernate.spatial.integration.SpatialService <init>
INFO: HHH80000001: hibernate-spatial integration enabled : true
de juny 26, 2015 5:50:31 PM org.hibernate.annotations.common.reflection.java.JavaReflectionManager <clinit>
INFO: HCANN000001: Hibernate Commons Annotations {4.0.5.Final}
de juny 26, 2015 5:50:31 PM org.hibernate.engine.jdbc.connections.internal.DriverManagerConnectionProviderImpl configure
WARN: HHH000402: Using Hibernate built-in connection pool (not for production use!)
de juny 26, 2015 5:50:31 PM org.hibernate.engine.jdbc.connections.internal.DriverManagerConnectionProviderImpl buildCreator
INFO: HHH000401: using driver [org.postgresql.Driver] at URL [jdbc:postgresql://52.26.137.110:5432/ourtree?ssl=true&sslfactory=org.postgresql.ssl.NonValidatingFactory]
de juny 26, 2015 5:50:31 PM org.hibernate.engine.jdbc.connections.internal.DriverManagerConnectionProviderImpl buildCreator
INFO: HHH000046: Connection properties: {user=ourtree, password=****}
de juny 26, 2015 5:50:31 PM org.hibernate.engine.jdbc.connections.internal.DriverManagerConnectionProviderImpl buildCreator
INFO: HHH000006: Autocommit mode: false
de juny 26, 2015 5:50:31 PM org.hibernate.engine.jdbc.connections.internal.DriverManagerConnectionProviderImpl configure
INFO: HHH000115: Hibernate connection pool size: 5 (min=1)
de juny 26, 2015 5:50:33 PM org.hibernate.dialect.Dialect <init>
INFO: HHH000400: Using dialect: org.hibernate.spatial.dialect.postgis.PostgisDialect
de juny 26, 2015 5:52:38 PM org.hibernate.engine.jdbc.env.internal.LobCreatorBuilderImpl useContextualLobCreation
INFO: HHH000424: Disabling contextual LOB creation as createClob() method threw error : java.lang.reflect.InvocationTargetException
de juny 26, 2015 5:52:38 PM org.hibernate.type.BasicTypeRegistry register
INFO: HHH000270: Type registration [java.util.UUID] overrides previous : org.hibernate.type.UUIDBinaryType@3e94acf
de juny 26, 2015 5:52:38 PM org.hibernate.tool.hbm2ddl.SchemaUpdate execute
INFO: HHH000228: Running hbm2ddl schema update
de juny 26, 2015 5:52:43 PM org.hibernate.hql.internal.QueryTranslatorFactoryInitiator initiateService
INFO: HHH000397: Using ASTQueryTranslatorFactory
java.lang.NullPointerException
	at java.io.StringReader.<init>(StringReader.java:50)
	at org.codehaus.jackson.JsonFactory.createJsonParser(JsonFactory.java:636)
	at org.codehaus.jackson.map.ObjectMapper.readValue(ObjectMapper.java:1877)
	at com.tubtale.otbackend.TreeApi.getAllTrees(TreeApi.java:32)
	at sun.reflect.NativeMethodAccessorImpl.invoke0(Native Method)
	at sun.reflect.NativeMethodAccessorImpl.invoke(NativeMethodAccessorImpl.java:62)
	at sun.reflect.DelegatingMethodAccessorImpl.invoke(DelegatingMethodAccessorImpl.java:43)
	at java.lang.reflect.Method.invoke(Method.java:483)
	at org.glassfish.jersey.server.model.internal.ResourceMethodInvocationHandlerFactory$1.invoke(ResourceMethodInvocationHandlerFactory.java:81)
	at org.glassfish.jersey.server.model.internal.AbstractJavaResourceMethodDispatcher$1.run(AbstractJavaResourceMethodDispatcher.java:151)
	at org.glassfish.jersey.server.model.internal.AbstractJavaResourceMethodDispatcher.invoke(AbstractJavaResourceMethodDispatcher.java:171)
	at org.glassfish.jersey.server.model.internal.JavaResourceMethodDispatcherProvider$TypeOutInvoker.doDispatch(JavaResourceMethodDispatcherProvider.java:195)
	at org.glassfish.jersey.server.model.internal.AbstractJavaResourceMethodDispatcher.dispatch(AbstractJavaResourceMethodDispatcher.java:104)
	at org.glassfish.jersey.server.model.ResourceMethodInvoker.invoke(ResourceMethodInvoker.java:406)
	at org.glassfish.jersey.server.model.ResourceMethodInvoker.apply(ResourceMethodInvoker.java:350)
	at org.glassfish.jersey.server.model.ResourceMethodInvoker.apply(ResourceMethodInvoker.java:106)
	at org.glassfish.jersey.server.ServerRuntime$1.run(ServerRuntime.java:259)
	at org.glassfish.jersey.internal.Errors$1.call(Errors.java:271)
	at org.glassfish.jersey.internal.Errors$1.call(Errors.java:267)
	at org.glassfish.jersey.internal.Errors.process(Errors.java:315)
	at org.glassfish.jersey.internal.Errors.process(Errors.java:297)
	at org.glassfish.jersey.internal.Errors.process(Errors.java:267)
	at org.glassfish.jersey.process.internal.RequestScope.runInScope(RequestScope.java:320)
	at org.glassfish.jersey.server.ServerRuntime.process(ServerRuntime.java:236)
	at org.glassfish.jersey.server.ApplicationHandler.handle(ApplicationHandler.java:1028)
	at org.glassfish.jersey.grizzly2.httpserver.GrizzlyHttpContainer.service(GrizzlyHttpContainer.java:363)
	at org.glassfish.grizzly.http.server.HttpHandler$1.run(HttpHandler.java:217)
	at org.glassfish.grizzly.threadpool.AbstractThreadPool$Worker.doWork(AbstractThreadPool.java:565)
	at org.glassfish.grizzly.threadpool.AbstractThreadPool$Worker.run(AbstractThreadPool.java:545)
	at java.lang.Thread.run(Thread.java:745)
java.lang.NullPointerException
	at java.io.StringReader.<init>(StringReader.java:50)
	at org.codehaus.jackson.JsonFactory.createJsonParser(JsonFactory.java:636)
	at org.codehaus.jackson.map.ObjectMapper.readValue(ObjectMapper.java:1877)
	at com.tubtale.otbackend.TreeApi.getAllTrees(TreeApi.java:32)
	at sun.reflect.NativeMethodAccessorImpl.invoke0(Native Method)
	at sun.reflect.NativeMethodAccessorImpl.invoke(NativeMethodAccessorImpl.java:62)
	at sun.reflect.DelegatingMethodAccessorImpl.invoke(DelegatingMethodAccessorImpl.java:43)
	at java.lang.reflect.Method.invoke(Method.java:483)
	at org.glassfish.jersey.server.model.internal.ResourceMethodInvocationHandlerFactory$1.invoke(ResourceMethodInvocationHandlerFactory.java:81)
	at org.glassfish.jersey.server.model.internal.AbstractJavaResourceMethodDispatcher$1.run(AbstractJavaResourceMethodDispatcher.java:151)
	at org.glassfish.jersey.server.model.internal.AbstractJavaResourceMethodDispatcher.invoke(AbstractJavaResourceMethodDispatcher.java:171)
	at org.glassfish.jersey.server.model.internal.JavaResourceMethodDispatcherProvider$TypeOutInvoker.doDispatch(JavaResourceMethodDispatcherProvider.java:195)
	at org.glassfish.jersey.server.model.internal.AbstractJavaResourceMethodDispatcher.dispatch(AbstractJavaResourceMethodDispatcher.java:104)
	at org.glassfish.jersey.server.model.ResourceMethodInvoker.invoke(ResourceMethodInvoker.java:406)
	at org.glassfish.jersey.server.model.ResourceMethodInvoker.apply(ResourceMethodInvoker.java:350)
	at org.glassfish.jersey.server.model.ResourceMethodInvoker.apply(ResourceMethodInvoker.java:106)
	at org.glassfish.jersey.server.ServerRuntime$1.run(ServerRuntime.java:259)
	at org.glassfish.jersey.internal.Errors$1.call(Errors.java:271)
	at org.glassfish.jersey.internal.Errors$1.call(Errors.java:267)
	at org.glassfish.jersey.internal.Errors.process(Errors.java:315)
	at org.glassfish.jersey.internal.Errors.process(Errors.java:297)
	at org.glassfish.jersey.internal.Errors.process(Errors.java:267)
	at org.glassfish.jersey.process.internal.RequestScope.runInScope(RequestScope.java:320)
	at org.glassfish.jersey.server.ServerRuntime.process(ServerRuntime.java:236)
	at org.glassfish.jersey.server.ApplicationHandler.handle(ApplicationHandler.java:1028)
	at org.glassfish.jersey.grizzly2.httpserver.GrizzlyHttpContainer.service(GrizzlyHttpContainer.java:363)
	at org.glassfish.grizzly.http.server.HttpHandler$1.run(HttpHandler.java:217)
	at org.glassfish.grizzly.threadpool.AbstractThreadPool$Worker.doWork(AbstractThreadPool.java:565)
	at org.glassfish.grizzly.threadpool.AbstractThreadPool$Worker.run(AbstractThreadPool.java:545)
	at java.lang.Thread.run(Thread.java:745)
java.lang.NullPointerException
	at java.io.StringReader.<init>(StringReader.java:50)
	at org.codehaus.jackson.JsonFactory.createJsonParser(JsonFactory.java:636)
	at org.codehaus.jackson.map.ObjectMapper.readValue(ObjectMapper.java:1877)
	at com.tubtale.otbackend.TreeApi.getAllTrees(TreeApi.java:32)
	at sun.reflect.NativeMethodAccessorImpl.invoke0(Native Method)
	at sun.reflect.NativeMethodAccessorImpl.invoke(NativeMethodAccessorImpl.java:62)
	at sun.reflect.DelegatingMethodAccessorImpl.invoke(DelegatingMethodAccessorImpl.java:43)
	at java.lang.reflect.Method.invoke(Method.java:483)
	at org.glassfish.jersey.server.model.internal.ResourceMethodInvocationHandlerFactory$1.invoke(ResourceMethodInvocationHandlerFactory.java:81)
	at org.glassfish.jersey.server.model.internal.AbstractJavaResourceMethodDispatcher$1.run(AbstractJavaResourceMethodDispatcher.java:151)
	at org.glassfish.jersey.server.model.internal.AbstractJavaResourceMethodDispatcher.invoke(AbstractJavaResourceMethodDispatcher.java:171)
	at org.glassfish.jersey.server.model.internal.JavaResourceMethodDispatcherProvider$TypeOutInvoker.doDispatch(JavaResourceMethodDispatcherProvider.java:195)
	at org.glassfish.jersey.server.model.internal.AbstractJavaResourceMethodDispatcher.dispatch(AbstractJavaResourceMethodDispatcher.java:104)
	at org.glassfish.jersey.server.model.ResourceMethodInvoker.invoke(ResourceMethodInvoker.java:406)
	at org.glassfish.jersey.server.model.ResourceMethodInvoker.apply(ResourceMethodInvoker.java:350)
	at org.glassfish.jersey.server.model.ResourceMethodInvoker.apply(ResourceMethodInvoker.java:106)
	at org.glassfish.jersey.server.ServerRuntime$1.run(ServerRuntime.java:259)
	at org.glassfish.jersey.internal.Errors$1.call(Errors.java:271)
	at org.glassfish.jersey.internal.Errors$1.call(Errors.java:267)
	at org.glassfish.jersey.internal.Errors.process(Errors.java:315)
	at org.glassfish.jersey.internal.Errors.process(Errors.java:297)
	at org.glassfish.jersey.internal.Errors.process(Errors.java:267)
	at org.glassfish.jersey.process.internal.RequestScope.runInScope(RequestScope.java:320)
	at org.glassfish.jersey.server.ServerRuntime.process(ServerRuntime.java:236)
	at org.glassfish.jersey.server.ApplicationHandler.handle(ApplicationHandler.java:1028)
	at org.glassfish.jersey.grizzly2.httpserver.GrizzlyHttpContainer.service(GrizzlyHttpContainer.java:363)
	at org.glassfish.grizzly.http.server.HttpHandler$1.run(HttpHandler.java:217)
	at org.glassfish.grizzly.threadpool.AbstractThreadPool$Worker.doWork(AbstractThreadPool.java:565)
	at org.glassfish.grizzly.threadpool.AbstractThreadPool$Worker.run(AbstractThreadPool.java:545)
	at java.lang.Thread.run(Thread.java:745)
java.lang.NullPointerException
	at java.io.StringReader.<init>(StringReader.java:50)
	at org.codehaus.jackson.JsonFactory.createJsonParser(JsonFactory.java:636)
	at org.codehaus.jackson.map.ObjectMapper.readValue(ObjectMapper.java:1877)
	at com.tubtale.otbackend.TreeApi.getAllTrees(TreeApi.java:32)
	at sun.reflect.NativeMethodAccessorImpl.invoke0(Native Method)
	at sun.reflect.NativeMethodAccessorImpl.invoke(NativeMethodAccessorImpl.java:62)
	at sun.reflect.DelegatingMethodAccessorImpl.invoke(DelegatingMethodAccessorImpl.java:43)
	at java.lang.reflect.Method.invoke(Method.java:483)
	at org.glassfish.jersey.server.model.internal.ResourceMethodInvocationHandlerFactory$1.invoke(ResourceMethodInvocationHandlerFactory.java:81)
	at org.glassfish.jersey.server.model.internal.AbstractJavaResourceMethodDispatcher$1.run(AbstractJavaResourceMethodDispatcher.java:151)
	at org.glassfish.jersey.server.model.internal.AbstractJavaResourceMethodDispatcher.invoke(AbstractJavaResourceMethodDispatcher.java:171)
	at org.glassfish.jersey.server.model.internal.JavaResourceMethodDispatcherProvider$TypeOutInvoker.doDispatch(JavaResourceMethodDispatcherProvider.java:195)
	at org.glassfish.jersey.server.model.internal.AbstractJavaResourceMethodDispatcher.dispatch(AbstractJavaResourceMethodDispatcher.java:104)
	at org.glassfish.jersey.server.model.ResourceMethodInvoker.invoke(ResourceMethodInvoker.java:406)
	at org.glassfish.jersey.server.model.ResourceMethodInvoker.apply(ResourceMethodInvoker.java:350)
	at org.glassfish.jersey.server.model.ResourceMethodInvoker.apply(ResourceMethodInvoker.java:106)
	at org.glassfish.jersey.server.ServerRuntime$1.run(ServerRuntime.java:259)
	at org.glassfish.jersey.internal.Errors$1.call(Errors.java:271)
	at org.glassfish.jersey.internal.Errors$1.call(Errors.java:267)
	at org.glassfish.jersey.internal.Errors.process(Errors.java:315)
	at org.glassfish.jersey.internal.Errors.process(Errors.java:297)
	at org.glassfish.jersey.internal.Errors.process(Errors.java:267)
	at org.glassfish.jersey.process.internal.RequestScope.runInScope(RequestScope.java:320)
	at org.glassfish.jersey.server.ServerRuntime.process(ServerRuntime.java:236)
	at org.glassfish.jersey.server.ApplicationHandler.handle(ApplicationHandler.java:1028)
	at org.glassfish.jersey.grizzly2.httpserver.GrizzlyHttpContainer.service(GrizzlyHttpContainer.java:363)
	at org.glassfish.grizzly.http.server.HttpHandler$1.run(HttpHandler.java:217)
	at org.glassfish.grizzly.threadpool.AbstractThreadPool$Worker.doWork(AbstractThreadPool.java:565)
	at org.glassfish.grizzly.threadpool.AbstractThreadPool$Worker.run(AbstractThreadPool.java:545)
	at java.lang.Thread.run(Thread.java:745)
]]></system-err>
</testsuite>
