<?xml version="1.0" encoding="UTF-8"?>
<testsuite name="com.tubtale.otbackend.TreeTest" tests="5" skipped="0" failures="0" errors="0" timestamp="2015-06-12T17:17:35" hostname="mbaLau.local" time="0.009">
  <properties/>
  <testcase name="equalsShouldReturnFalseIfTextIsNotTheSame" classname="com.tubtale.otbackend.TreeTest" time="0.007"/>
  <testcase name="equalsShouldFailIfIdIsNotTheSame" classname="com.tubtale.otbackend.TreeTest" time="0.0"/>
  <testcase name="equalShouldReturnTrueIfIdTextEqual" classname="com.tubtale.otbackend.TreeTest" time="0.0"/>
  <testcase name="idShouldHaveSetterAndGetter" classname="com.tubtale.otbackend.TreeTest" time="0.0"/>
  <testcase name="textShouldHaveSetterAndGetter" classname="com.tubtale.otbackend.TreeTest" time="0.0"/>
  <system-out><![CDATA[]]></system-out>
  <system-err><![CDATA[]]></system-err>
</testsuite>
