<?xml version="1.0" encoding="UTF-8"?>
<testsuite name="com.tubtale.otbackend.twitterpublisher.DistanceStringComposerTest" tests="2" skipped="0" failures="1" errors="0" timestamp="2015-10-07T18:58:21" hostname="mbaLau.local" time="182.54">
  <properties/>
  <testcase name="composeANearPlace" classname="com.tubtale.otbackend.twitterpublisher.DistanceStringComposerTest" time="182.294">
    <failure message="java.lang.AssertionError: &#10;Expected: is &quot;10m de La lleona&quot;&#10;     but: was &quot;2m de la lleona&quot;" type="java.lang.AssertionError">java.lang.AssertionError: 
Expected: is &quot;10m de La lleona&quot;
     but: was &quot;2m de la lleona&quot;
	at org.hamcrest.MatcherAssert.assertThat(MatcherAssert.java:20)
	at org.hamcrest.MatcherAssert.assertThat(MatcherAssert.java:8)
	at com.tubtale.otbackend.twitterpublisher.DistanceStringComposerTest.composeANearPlace(DistanceStringComposerTest.java:29)
	at sun.reflect.NativeMethodAccessorImpl.invoke0(Native Method)
	at sun.reflect.NativeMethodAccessorImpl.invoke(NativeMethodAccessorImpl.java:62)
	at sun.reflect.DelegatingMethodAccessorImpl.invoke(DelegatingMethodAccessorImpl.java:43)
	at java.lang.reflect.Method.invoke(Method.java:483)
	at org.junit.runners.model.FrameworkMethod$1.runReflectiveCall(FrameworkMethod.java:47)
	at org.junit.internal.runners.model.ReflectiveCallable.run(ReflectiveCallable.java:12)
	at org.junit.runners.model.FrameworkMethod.invokeExplosively(FrameworkMethod.java:44)
	at org.junit.internal.runners.statements.InvokeMethod.evaluate(InvokeMethod.java:17)
	at org.junit.runners.ParentRunner.runLeaf(ParentRunner.java:271)
	at org.junit.runners.BlockJUnit4ClassRunner.runChild(BlockJUnit4ClassRunner.java:70)
	at org.junit.runners.BlockJUnit4ClassRunner.runChild(BlockJUnit4ClassRunner.java:50)
	at org.junit.runners.ParentRunner$3.run(ParentRunner.java:238)
	at org.junit.runners.ParentRunner$1.schedule(ParentRunner.java:63)
	at org.junit.runners.ParentRunner.runChildren(ParentRunner.java:236)
	at org.junit.runners.ParentRunner.access$000(ParentRunner.java:53)
	at org.junit.runners.ParentRunner$2.evaluate(ParentRunner.java:229)
	at org.junit.runners.ParentRunner.run(ParentRunner.java:309)
	at org.gradle.api.internal.tasks.testing.junit.JUnitTestClassExecuter.runTestClass(JUnitTestClassExecuter.java:86)
	at org.gradle.api.internal.tasks.testing.junit.JUnitTestClassExecuter.execute(JUnitTestClassExecuter.java:49)
	at org.gradle.api.internal.tasks.testing.junit.JUnitTestClassProcessor.processTestClass(JUnitTestClassProcessor.java:69)
	at org.gradle.api.internal.tasks.testing.SuiteTestClassProcessor.processTestClass(SuiteTestClassProcessor.java:48)
	at sun.reflect.NativeMethodAccessorImpl.invoke0(Native Method)
	at sun.reflect.NativeMethodAccessorImpl.invoke(NativeMethodAccessorImpl.java:62)
	at sun.reflect.DelegatingMethodAccessorImpl.invoke(DelegatingMethodAccessorImpl.java:43)
	at java.lang.reflect.Method.invoke(Method.java:483)
	at org.gradle.messaging.dispatch.ReflectionDispatch.dispatch(ReflectionDispatch.java:35)
	at org.gradle.messaging.dispatch.ReflectionDispatch.dispatch(ReflectionDispatch.java:24)
	at org.gradle.messaging.dispatch.ContextClassLoaderDispatch.dispatch(ContextClassLoaderDispatch.java:32)
	at org.gradle.messaging.dispatch.ProxyDispatchAdapter$DispatchingInvocationHandler.invoke(ProxyDispatchAdapter.java:93)
	at com.sun.proxy.$Proxy2.processTestClass(Unknown Source)
	at org.gradle.api.internal.tasks.testing.worker.TestWorker.processTestClass(TestWorker.java:105)
	at sun.reflect.NativeMethodAccessorImpl.invoke0(Native Method)
	at sun.reflect.NativeMethodAccessorImpl.invoke(NativeMethodAccessorImpl.java:62)
	at sun.reflect.DelegatingMethodAccessorImpl.invoke(DelegatingMethodAccessorImpl.java:43)
	at java.lang.reflect.Method.invoke(Method.java:483)
	at org.gradle.messaging.dispatch.ReflectionDispatch.dispatch(ReflectionDispatch.java:35)
	at org.gradle.messaging.dispatch.ReflectionDispatch.dispatch(ReflectionDispatch.java:24)
	at org.gradle.messaging.remote.internal.hub.MessageHub$Handler.run(MessageHub.java:355)
	at org.gradle.internal.concurrent.DefaultExecutorFactory$StoppableExecutorImpl$1.run(DefaultExecutorFactory.java:64)
	at java.util.concurrent.ThreadPoolExecutor.runWorker(ThreadPoolExecutor.java:1142)
	at java.util.concurrent.ThreadPoolExecutor$Worker.run(ThreadPoolExecutor.java:617)
	at java.lang.Thread.run(Thread.java:745)
</failure>
  </testcase>
  <testcase name="composeAfarPlace" classname="com.tubtale.otbackend.twitterpublisher.DistanceStringComposerTest" time="0.245"/>
  <system-out><![CDATA[Hibernate: 
    SELECT
        cityName,
        centerMonument,
        ST_distance_sphere(location,
        ST_GeomFromText('POINT(41.98817825317383 2.824079990386963)',
        4326)) as distanceInMeters 
    FROM
        Cities 
    ORDER BY
        location <-> st_setsrid(st_makepoint(41.98817825317383,
        2.824079990386963),
        4326) LIMIT 1;
Hibernate: 
    SELECT
        cityName,
        centerMonument,
        ST_distance_sphere(location,
        ST_GeomFromText('POINT(41.8109016418457 2.743285894393921)',
        4326)) as distanceInMeters 
    FROM
        Cities 
    ORDER BY
        location <-> st_setsrid(st_makepoint(41.8109016418457,
        2.743285894393921),
        4326) LIMIT 1;
]]></system-out>
  <system-err><![CDATA[d’oct. 07, 2015 8:58:22 PM org.hibernate.jpa.internal.util.LogHelper logPersistenceUnitInformation
INFO: HHH000204: Processing PersistenceUnitInfo [
	name: org.hibernate.events.jpa
	...]
d’oct. 07, 2015 8:58:22 PM org.hibernate.Version logVersion
INFO: HHH000412: Hibernate Core {5.0.0.CR1}
d’oct. 07, 2015 8:58:22 PM org.hibernate.cfg.Environment <clinit>
INFO: HHH000206: hibernate.properties not found
d’oct. 07, 2015 8:58:22 PM org.hibernate.cfg.Environment buildBytecodeProvider
INFO: HHH000021: Bytecode provider name : javassist
d’oct. 07, 2015 8:58:22 PM org.hibernate.spatial.integration.SpatialService <init>
INFO: HHH80000001: hibernate-spatial integration enabled : true
d’oct. 07, 2015 8:58:22 PM org.hibernate.annotations.common.reflection.java.JavaReflectionManager <clinit>
INFO: HCANN000001: Hibernate Commons Annotations {4.0.5.Final}
d’oct. 07, 2015 8:58:23 PM org.hibernate.engine.jdbc.connections.internal.DriverManagerConnectionProviderImpl configure
WARN: HHH000402: Using Hibernate built-in connection pool (not for production use!)
d’oct. 07, 2015 8:58:23 PM org.hibernate.engine.jdbc.connections.internal.DriverManagerConnectionProviderImpl buildCreator
INFO: HHH000401: using driver [org.postgresql.Driver] at URL [jdbc:postgresql://52.88.128.158:5432/ourtree?ssl=true&sslfactory=org.postgresql.ssl.NonValidatingFactory]
d’oct. 07, 2015 8:58:23 PM org.hibernate.engine.jdbc.connections.internal.DriverManagerConnectionProviderImpl buildCreator
INFO: HHH000046: Connection properties: {user=ourtree, password=****}
d’oct. 07, 2015 8:58:23 PM org.hibernate.engine.jdbc.connections.internal.DriverManagerConnectionProviderImpl buildCreator
INFO: HHH000006: Autocommit mode: false
d’oct. 07, 2015 8:58:23 PM org.hibernate.engine.jdbc.connections.internal.DriverManagerConnectionProviderImpl configure
INFO: HHH000115: Hibernate connection pool size: 5 (min=1)
d’oct. 07, 2015 8:58:25 PM org.hibernate.dialect.Dialect <init>
INFO: HHH000400: Using dialect: org.hibernate.spatial.dialect.postgis.PostgisDialect
d’oct. 07, 2015 9:01:19 PM org.hibernate.engine.jdbc.env.internal.LobCreatorBuilderImpl useContextualLobCreation
INFO: HHH000424: Disabling contextual LOB creation as createClob() method threw error : java.lang.reflect.InvocationTargetException
d’oct. 07, 2015 9:01:19 PM org.hibernate.type.BasicTypeRegistry register
INFO: HHH000270: Type registration [java.util.UUID] overrides previous : org.hibernate.type.UUIDBinaryType@7f4f74d6
d’oct. 07, 2015 9:01:21 PM org.hibernate.tool.hbm2ddl.SchemaUpdate execute
INFO: HHH000228: Running hbm2ddl schema update
]]></system-err>
</testsuite>
