<?xml version="1.0" encoding="UTF-8"?>
<testsuite name="com.tubtale.otbackend.TreeTest" tests="0" skipped="0" failures="0" errors="0" timestamp="1970-01-01T00:00:00" hostname="mbaLau.local" time="0.0">
  <properties/>
  <system-out><![CDATA[]]></system-out>
  <system-err><![CDATA[d’oct. 13, 2015 1:07:20 PM org.glassfish.grizzly.http.server.NetworkListener shutdownNow
INFO: Stopped listener bound to [127.0.0.1:8080]
d’oct. 13, 2015 1:07:20 PM org.glassfish.grizzly.nio.GracefulShutdownRunner run
WARNING: Primary shutdown thread interrupted.  Forcing transport termination.
]]></system-err>
</testsuite>
