<?xml version="1.0" encoding="UTF-8"?>
<testsuite name="com.tubtale.otbackend.TreeDaoTest" tests="11" skipped="0" failures="0" errors="0" timestamp="2015-06-16T17:47:27" hostname="mbaLau.local" time="225.889">
  <properties/>
  <testcase name="getOneTreesShouldReturnAllTrees" classname="com.tubtale.otbackend.TreeDaoTest" time="192.59"/>
  <testcase name="saveTreeShouldSaveTheNewTree" classname="com.tubtale.otbackend.TreeDaoTest" time="2.147"/>
  <testcase name="deleteTreeShouldReturnNullIfTreeDoesNotExist" classname="com.tubtale.otbackend.TreeDaoTest" time="1.126"/>
  <testcase name="getAllTreesShouldReturnsTreesWithText" classname="com.tubtale.otbackend.TreeDaoTest" time="2.765"/>
  <testcase name="deleteTreeShouldReturnDeletedTree" classname="com.tubtale.otbackend.TreeDaoTest" time="1.433"/>
  <testcase name="getAllTreesShouldReturnAllTrees" classname="com.tubtale.otbackend.TreeDaoTest" time="10.138"/>
  <testcase name="getTreeShouldReturnNullIfIdDoesNotExist" classname="com.tubtale.otbackend.TreeDaoTest" time="1.127"/>
  <testcase name="deleteTreeShouldDeleteSpecifiedTree" classname="com.tubtale.otbackend.TreeDaoTest" time="3.273"/>
  <testcase name="shouldBeImpossibleToUpdate" classname="com.tubtale.otbackend.TreeDaoTest" time="1.637"/>
  <testcase name="deleteAllTreesShouldDeleteAllTrees" classname="com.tubtale.otbackend.TreeDaoTest" time="2.769"/>
  <testcase name="getTreeShouldReturnTreeWithTheSpecifiedId" classname="com.tubtale.otbackend.TreeDaoTest" time="6.882"/>
  <system-out><![CDATA[newtree {"id":300,"text":"B","ip":"A","metersToHide":20,"timestamp":0}
newtree {"id":300,"text":"B","ip":"A","metersToHide":20,"timestamp":0}
dbtext:bbb
newtext: aaaa
]]></system-out>
  <system-err><![CDATA[de juny 16, 2015 7:47:27 PM org.hibernate.annotations.common.reflection.java.JavaReflectionManager <clinit>
INFO: HCANN000001: Hibernate Commons Annotations {4.0.4.Final}
de juny 16, 2015 7:47:27 PM org.hibernate.Version logVersion
INFO: HHH000412: Hibernate Core {4.3.4.Final}
de juny 16, 2015 7:47:27 PM org.hibernate.cfg.Environment <clinit>
INFO: HHH000206: hibernate.properties not found
de juny 16, 2015 7:47:27 PM org.hibernate.cfg.Environment buildBytecodeProvider
INFO: HHH000021: Bytecode provider name : javassist
de juny 16, 2015 7:47:27 PM org.hibernate.cfg.Configuration configure
INFO: HHH000043: Configuring from resource: /hibernate.cfg.xml
de juny 16, 2015 7:47:27 PM org.hibernate.cfg.Configuration getConfigurationInputStream
INFO: HHH000040: Configuration resource: /hibernate.cfg.xml
de juny 16, 2015 7:47:28 PM org.hibernate.cfg.Configuration doConfigure
INFO: HHH000041: Configured SessionFactory: null
de juny 16, 2015 7:47:28 PM org.hibernate.engine.jdbc.connections.internal.DriverManagerConnectionProviderImpl configure
WARN: HHH000402: Using Hibernate built-in connection pool (not for production use!)
de juny 16, 2015 7:47:28 PM org.hibernate.engine.jdbc.connections.internal.DriverManagerConnectionProviderImpl buildCreator
INFO: HHH000401: using driver [org.postgresql.Driver] at URL [jdbc:postgresql://52.26.137.110:5432/ourtree?ssl=true&sslfactory=org.postgresql.ssl.NonValidatingFactory]
de juny 16, 2015 7:47:28 PM org.hibernate.engine.jdbc.connections.internal.DriverManagerConnectionProviderImpl buildCreator
INFO: HHH000046: Connection properties: {user=ourtree, password=****}
de juny 16, 2015 7:47:28 PM org.hibernate.engine.jdbc.connections.internal.DriverManagerConnectionProviderImpl buildCreator
INFO: HHH000006: Autocommit mode: false
de juny 16, 2015 7:47:28 PM org.hibernate.engine.jdbc.connections.internal.DriverManagerConnectionProviderImpl configure
INFO: HHH000115: Hibernate connection pool size: 1 (min=1)
de juny 16, 2015 7:50:33 PM org.hibernate.dialect.Dialect <init>
INFO: HHH000400: Using dialect: org.hibernate.dialect.PostgreSQL9Dialect
de juny 16, 2015 7:50:33 PM org.hibernate.engine.jdbc.internal.LobCreatorBuilder useContextualLobCreation
INFO: HHH000424: Disabling contextual LOB creation as createClob() method threw error : java.lang.reflect.InvocationTargetException
de juny 16, 2015 7:50:34 PM org.hibernate.engine.transaction.internal.TransactionFactoryInitiator initiateService
INFO: HHH000399: Using default transaction strategy (direct JDBC transactions)
de juny 16, 2015 7:50:34 PM org.hibernate.hql.internal.ast.ASTQueryTranslatorFactory <init>
INFO: HHH000397: Using ASTQueryTranslatorFactory
de juny 16, 2015 7:50:34 PM org.hibernate.tool.hbm2ddl.SchemaUpdate execute
INFO: HHH000228: Running hbm2ddl schema update
de juny 16, 2015 7:50:34 PM org.hibernate.tool.hbm2ddl.SchemaUpdate execute
INFO: HHH000102: Fetching database metadata
de juny 16, 2015 7:50:35 PM org.hibernate.tool.hbm2ddl.SchemaUpdate execute
INFO: HHH000396: Updating schema
de juny 16, 2015 7:50:36 PM org.hibernate.tool.hbm2ddl.TableMetadata <init>
INFO: HHH000261: Table found: public.tree
de juny 16, 2015 7:50:36 PM org.hibernate.tool.hbm2ddl.TableMetadata <init>
INFO: HHH000037: Columns: [meterstohide, ip, id, text, timestamp]
de juny 16, 2015 7:50:36 PM org.hibernate.tool.hbm2ddl.TableMetadata <init>
INFO: HHH000108: Foreign keys: []
de juny 16, 2015 7:50:36 PM org.hibernate.tool.hbm2ddl.TableMetadata <init>
INFO: HHH000126: Indexes: [tree_pkey]
de juny 16, 2015 7:50:36 PM org.hibernate.tool.hbm2ddl.SchemaUpdate execute
INFO: HHH000232: Schema update complete
]]></system-err>
</testsuite>
