<?xml version="1.0" encoding="UTF-8"?>
<testsuite name="com.tubtale.otbackend.TreeApiTest" tests="9" skipped="0" failures="1" errors="0" timestamp="2015-06-16T09:31:00" hostname="mbaLau.local" time="228.636">
  <properties/>
  <testcase name="getV1ItemsIdShouldReturnSpecifiedTree" classname="com.tubtale.otbackend.TreeApiTest" time="202.518"/>
  <testcase name="getV1ItemsShouldReturnListOfTrees" classname="com.tubtale.otbackend.TreeApiTest" time="3.894"/>
  <testcase name="v1ItemsShouldReturnStatus200" classname="com.tubtale.otbackend.TreeApiTest" time="2.457"/>
  <testcase name="putV1ItemsIdShouldSaveNewTree" classname="com.tubtale.otbackend.TreeApiTest" time="3.034"/>
  <testcase name="deleteV1ItemsShouldDeleteAllTrees" classname="com.tubtale.otbackend.TreeApiTest" time="2.7"/>
  <testcase name="putV1ItemsShouldUpdateExistingTree" classname="com.tubtale.otbackend.TreeApiTest" time="3.584"/>
  <testcase name="getV1ItemsShouldReturnTypeApplicationJson" classname="com.tubtale.otbackend.TreeApiTest" time="2.457"/>
  <testcase name="deleteV1ItemsIdShouldDeleteExistingTree" classname="com.tubtale.otbackend.TreeApiTest" time="5.018"/>
  <testcase name="getV1ItemsShouldReturnTheCorrectJson" classname="com.tubtale.otbackend.TreeApiTest" time="2.972">
    <failure message="org.json.JSONException: Expected a ',' or ']' at character 23" type="org.json.JSONException">org.json.JSONException: Expected a ',' or ']' at character 23
	at org.json.JSONTokener.syntaxError(JSONTokener.java:410)
	at org.json.JSONArray.&lt;init&gt;(JSONArray.java:143)
	at org.json.JSONTokener.nextValue(JSONTokener.java:348)
	at org.json.JSONObject.&lt;init&gt;(JSONObject.java:205)
	at org.json.JSONObject.&lt;init&gt;(JSONObject.java:402)
	at org.skyscreamer.jsonassert.JSONParser.parseJSON(JSONParser.java:29)
	at org.skyscreamer.jsonassert.JSONCompare.compareJSON(JSONCompare.java:35)
	at org.skyscreamer.jsonassert.JSONCompare.compareJSON(JSONCompare.java:109)
	at org.skyscreamer.jsonassert.JSONAssert.assertEquals(JSONAssert.java:220)
	at org.skyscreamer.jsonassert.JSONAssert.assertEquals(JSONAssert.java:192)
	at com.tubtale.otbackend.TreeApiTest.getV1ItemsShouldReturnTheCorrectJson(TreeApiTest.java:74)
	at sun.reflect.NativeMethodAccessorImpl.invoke0(Native Method)
	at sun.reflect.NativeMethodAccessorImpl.invoke(NativeMethodAccessorImpl.java:62)
	at sun.reflect.DelegatingMethodAccessorImpl.invoke(DelegatingMethodAccessorImpl.java:43)
	at java.lang.reflect.Method.invoke(Method.java:483)
	at org.junit.runners.model.FrameworkMethod$1.runReflectiveCall(FrameworkMethod.java:47)
	at org.junit.internal.runners.model.ReflectiveCallable.run(ReflectiveCallable.java:12)
	at org.junit.runners.model.FrameworkMethod.invokeExplosively(FrameworkMethod.java:44)
	at org.junit.internal.runners.statements.InvokeMethod.evaluate(InvokeMethod.java:17)
	at org.junit.internal.runners.statements.RunBefores.evaluate(RunBefores.java:26)
	at org.junit.internal.runners.statements.RunAfters.evaluate(RunAfters.java:27)
	at org.junit.runners.ParentRunner.runLeaf(ParentRunner.java:271)
	at org.junit.runners.BlockJUnit4ClassRunner.runChild(BlockJUnit4ClassRunner.java:70)
	at org.junit.runners.BlockJUnit4ClassRunner.runChild(BlockJUnit4ClassRunner.java:50)
	at org.junit.runners.ParentRunner$3.run(ParentRunner.java:238)
	at org.junit.runners.ParentRunner$1.schedule(ParentRunner.java:63)
	at org.junit.runners.ParentRunner.runChildren(ParentRunner.java:236)
	at org.junit.runners.ParentRunner.access$000(ParentRunner.java:53)
	at org.junit.runners.ParentRunner$2.evaluate(ParentRunner.java:229)
	at org.junit.internal.runners.statements.RunBefores.evaluate(RunBefores.java:26)
	at org.junit.internal.runners.statements.RunAfters.evaluate(RunAfters.java:27)
	at org.junit.runners.ParentRunner.run(ParentRunner.java:309)
	at org.gradle.api.internal.tasks.testing.junit.JUnitTestClassExecuter.runTestClass(JUnitTestClassExecuter.java:86)
	at org.gradle.api.internal.tasks.testing.junit.JUnitTestClassExecuter.execute(JUnitTestClassExecuter.java:49)
	at org.gradle.api.internal.tasks.testing.junit.JUnitTestClassProcessor.processTestClass(JUnitTestClassProcessor.java:69)
	at org.gradle.api.internal.tasks.testing.SuiteTestClassProcessor.processTestClass(SuiteTestClassProcessor.java:48)
	at sun.reflect.NativeMethodAccessorImpl.invoke0(Native Method)
	at sun.reflect.NativeMethodAccessorImpl.invoke(NativeMethodAccessorImpl.java:62)
	at sun.reflect.DelegatingMethodAccessorImpl.invoke(DelegatingMethodAccessorImpl.java:43)
	at java.lang.reflect.Method.invoke(Method.java:483)
	at org.gradle.messaging.dispatch.ReflectionDispatch.dispatch(ReflectionDispatch.java:35)
	at org.gradle.messaging.dispatch.ReflectionDispatch.dispatch(ReflectionDispatch.java:24)
	at org.gradle.messaging.dispatch.ContextClassLoaderDispatch.dispatch(ContextClassLoaderDispatch.java:32)
	at org.gradle.messaging.dispatch.ProxyDispatchAdapter$DispatchingInvocationHandler.invoke(ProxyDispatchAdapter.java:93)
	at com.sun.proxy.$Proxy2.processTestClass(Unknown Source)
	at org.gradle.api.internal.tasks.testing.worker.TestWorker.processTestClass(TestWorker.java:105)
	at sun.reflect.NativeMethodAccessorImpl.invoke0(Native Method)
	at sun.reflect.NativeMethodAccessorImpl.invoke(NativeMethodAccessorImpl.java:62)
	at sun.reflect.DelegatingMethodAccessorImpl.invoke(DelegatingMethodAccessorImpl.java:43)
	at java.lang.reflect.Method.invoke(Method.java:483)
	at org.gradle.messaging.dispatch.ReflectionDispatch.dispatch(ReflectionDispatch.java:35)
	at org.gradle.messaging.dispatch.ReflectionDispatch.dispatch(ReflectionDispatch.java:24)
	at org.gradle.messaging.remote.internal.hub.MessageHub$Handler.run(MessageHub.java:355)
	at org.gradle.internal.concurrent.DefaultExecutorFactory$StoppableExecutorImpl$1.run(DefaultExecutorFactory.java:64)
	at java.util.concurrent.ThreadPoolExecutor.runWorker(ThreadPoolExecutor.java:1142)
	at java.util.concurrent.ThreadPoolExecutor$Worker.run(ThreadPoolExecutor.java:617)
	at java.lang.Thread.run(Thread.java:745)
</failure>
  </testcase>
  <system-out><![CDATA[hlla : 0
hlla : 0
hlla : 0
hlla : 0
hlla : 0
hlla : 0
hlla : 6
hlla : 0
hlla : 0
hlla : 0
hlla : 7
hlla : 0
--------->{ "treeContent":[{"id":10,"text":"i'm the first tree in all forests","ip":"/api/v1/items/10"}], "emptyTrees":0 }
]]></system-out>
  <system-err><![CDATA[de juny 16, 2015 11:30:59 AM org.glassfish.jersey.server.ApplicationHandler initialize
INFO: Initiating Jersey application, version Jersey: 2.7 2014-03-12 18:11:31...
de juny 16, 2015 11:31:00 AM org.glassfish.grizzly.http.server.NetworkListener start
INFO: Started listener bound to [localhost:8080]
de juny 16, 2015 11:31:00 AM org.glassfish.grizzly.http.server.HttpServer start
INFO: [HttpServer] Started.
de juny 16, 2015 11:31:01 AM org.hibernate.annotations.common.reflection.java.JavaReflectionManager <clinit>
INFO: HCANN000001: Hibernate Commons Annotations {4.0.4.Final}
de juny 16, 2015 11:31:01 AM org.hibernate.Version logVersion
INFO: HHH000412: Hibernate Core {4.3.4.Final}
de juny 16, 2015 11:31:01 AM org.hibernate.cfg.Environment <clinit>
INFO: HHH000206: hibernate.properties not found
de juny 16, 2015 11:31:01 AM org.hibernate.cfg.Environment buildBytecodeProvider
INFO: HHH000021: Bytecode provider name : javassist
de juny 16, 2015 11:31:01 AM org.hibernate.cfg.Configuration configure
INFO: HHH000043: Configuring from resource: /hibernate.cfg.xml
de juny 16, 2015 11:31:01 AM org.hibernate.cfg.Configuration getConfigurationInputStream
INFO: HHH000040: Configuration resource: /hibernate.cfg.xml
de juny 16, 2015 11:31:02 AM org.hibernate.cfg.Configuration doConfigure
INFO: HHH000041: Configured SessionFactory: null
de juny 16, 2015 11:31:02 AM org.hibernate.engine.jdbc.connections.internal.DriverManagerConnectionProviderImpl configure
WARN: HHH000402: Using Hibernate built-in connection pool (not for production use!)
de juny 16, 2015 11:31:02 AM org.hibernate.engine.jdbc.connections.internal.DriverManagerConnectionProviderImpl buildCreator
INFO: HHH000401: using driver [org.postgresql.Driver] at URL [jdbc:postgresql://52.26.137.110:5432/ourtree?ssl=true&sslfactory=org.postgresql.ssl.NonValidatingFactory]
de juny 16, 2015 11:31:02 AM org.hibernate.engine.jdbc.connections.internal.DriverManagerConnectionProviderImpl buildCreator
INFO: HHH000046: Connection properties: {user=ourtree, password=****}
de juny 16, 2015 11:31:02 AM org.hibernate.engine.jdbc.connections.internal.DriverManagerConnectionProviderImpl buildCreator
INFO: HHH000006: Autocommit mode: false
de juny 16, 2015 11:31:02 AM org.hibernate.engine.jdbc.connections.internal.DriverManagerConnectionProviderImpl configure
INFO: HHH000115: Hibernate connection pool size: 1 (min=1)
de juny 16, 2015 11:34:18 AM org.hibernate.dialect.Dialect <init>
INFO: HHH000400: Using dialect: org.hibernate.dialect.PostgreSQL9Dialect
de juny 16, 2015 11:34:18 AM org.hibernate.engine.jdbc.internal.LobCreatorBuilder useContextualLobCreation
INFO: HHH000424: Disabling contextual LOB creation as createClob() method threw error : java.lang.reflect.InvocationTargetException
de juny 16, 2015 11:34:19 AM org.hibernate.engine.transaction.internal.TransactionFactoryInitiator initiateService
INFO: HHH000399: Using default transaction strategy (direct JDBC transactions)
de juny 16, 2015 11:34:19 AM org.hibernate.hql.internal.ast.ASTQueryTranslatorFactory <init>
INFO: HHH000397: Using ASTQueryTranslatorFactory
de juny 16, 2015 11:34:19 AM org.hibernate.tool.hbm2ddl.SchemaExport execute
INFO: HHH000227: Running hbm2ddl schema export
de juny 16, 2015 11:34:21 AM org.hibernate.tool.hbm2ddl.SchemaExport execute
INFO: HHH000230: Schema export complete
]]></system-err>
</testsuite>
