<?xml version="1.0" encoding="UTF-8"?>
<testsuite name="com.tubtale.otbackend.TreeApiTest" tests="4" skipped="0" failures="0" errors="0" timestamp="2015-10-13T11:03:42" hostname="mbaLau.local" time="218.258">
  <properties/>
  <testcase name="putV1ItemsTheSameAsAStoredOneShouldReturnTheStoredOne" classname="com.tubtale.otbackend.TreeApiTest" time="209.965"/>
  <testcase name="putV1ItemsTheSameAsAStoredWithMetersToHideIncreasedBy3ShouldreturnNull" classname="com.tubtale.otbackend.TreeApiTest" time="2.459"/>
  <testcase name="putV1ItemsWithAnIdIfATreeThatDoesentExistShouldReturnNull" classname="com.tubtale.otbackend.TreeApiTest" time="2.744"/>
  <testcase name="putV1ItemsTheSameAsAStoredWithMetersToHideIncreasedBy1ShouldreturnNotNull" classname="com.tubtale.otbackend.TreeApiTest" time="3.088"/>
  <system-out><![CDATA[SELECT COUNT(*)FROM Tree WHERE Tree.location && ST_MakeEnvelope(110.0, 110.0, 110.0001, 110.0001, 4326) 
Hibernate: 
    SELECT
        COUNT(*)
    FROM
        Tree 
    WHERE
        Tree.location && ST_MakeEnvelope(110.0, 110.0, 110.0001, 110.0001, 4326) 
Hibernate: 
    select
        nextval ('hibernate_sequence')
Hibernate: 
    insert 
    into
        Tree
        (ip, location, metersToHide, text, "timestamp", id) 
    values
        (?, ?, ?, ?, ?, ?)
Hibernate: 
    SELECT
        cityName,
        centerMonument,
        ST_distance_sphere(location,
        ST_GeomFromText('POINT(110.0 110.0)',
        4326)) as distanceInMeters 
    FROM
        Cities 
    ORDER BY
        location <-> st_setsrid(st_makepoint(110.0,
        110.0),
        4326) LIMIT 1;
SELECT COUNT(*)FROM Tree WHERE Tree.location && ST_MakeEnvelope(110.0, 110.0, 110.0001, 110.0001, 4326) 
Hibernate: 
    SELECT
        COUNT(*)
    FROM
        Tree 
    WHERE
        Tree.location && ST_MakeEnvelope(110.0, 110.0, 110.0001, 110.0001, 4326) 
Hibernate: 
    select
        tree0_.id as id1_0_0_,
        tree0_.ip as ip2_0_0_,
        tree0_.location as location3_0_0_,
        tree0_.metersToHide as metersTo4_0_0_,
        tree0_.text as text5_0_0_,
        tree0_."timestamp" as timestam6_0_0_ 
    from
        Tree tree0_ 
    where
        tree0_.id=?
Hibernate: 
    update
        Tree 
    set
        ip=?,
        location=?,
        metersToHide=?,
        text=?,
        "timestamp"=? 
    where
        id=?
Hibernate: 
    SELECT
        * 
    FROM
        Tree 
    ORDER BY
        ST_Distance(Tree.location,
        ST_Geomfromtext('POINT(0.0 0.0)',
        4326)) limit 7
Hibernate: 
    delete 
    from
        Tree
SELECT COUNT(*)FROM Tree WHERE Tree.location && ST_MakeEnvelope(110.0, 110.0, 110.0001, 110.0001, 4326) 
Hibernate: 
    SELECT
        COUNT(*)
    FROM
        Tree 
    WHERE
        Tree.location && ST_MakeEnvelope(110.0, 110.0, 110.0001, 110.0001, 4326) 
Hibernate: 
    select
        nextval ('hibernate_sequence')
Hibernate: 
    insert 
    into
        Tree
        (ip, location, metersToHide, text, "timestamp", id) 
    values
        (?, ?, ?, ?, ?, ?)
Hibernate: 
    SELECT
        cityName,
        centerMonument,
        ST_distance_sphere(location,
        ST_GeomFromText('POINT(110.0 110.0)',
        4326)) as distanceInMeters 
    FROM
        Cities 
    ORDER BY
        location <-> st_setsrid(st_makepoint(110.0,
        110.0),
        4326) LIMIT 1;
SELECT COUNT(*)FROM Tree WHERE Tree.location && ST_MakeEnvelope(110.0, 110.0, 110.0001, 110.0001, 4326) 
Hibernate: 
    SELECT
        COUNT(*)
    FROM
        Tree 
    WHERE
        Tree.location && ST_MakeEnvelope(110.0, 110.0, 110.0001, 110.0001, 4326) 
Hibernate: 
    select
        tree0_.id as id1_0_0_,
        tree0_.ip as ip2_0_0_,
        tree0_.location as location3_0_0_,
        tree0_.metersToHide as metersTo4_0_0_,
        tree0_.text as text5_0_0_,
        tree0_."timestamp" as timestam6_0_0_ 
    from
        Tree tree0_ 
    where
        tree0_.id=?
Hibernate: 
    delete 
    from
        Tree
SELECT COUNT(*)FROM Tree WHERE Tree.location && ST_MakeEnvelope(110.0, 110.0, 110.0001, 110.0001, 4326) 
Hibernate: 
    SELECT
        COUNT(*)
    FROM
        Tree 
    WHERE
        Tree.location && ST_MakeEnvelope(110.0, 110.0, 110.0001, 110.0001, 4326) 
Hibernate: 
    select
        nextval ('hibernate_sequence')
Hibernate: 
    insert 
    into
        Tree
        (ip, location, metersToHide, text, "timestamp", id) 
    values
        (?, ?, ?, ?, ?, ?)
Hibernate: 
    SELECT
        cityName,
        centerMonument,
        ST_distance_sphere(location,
        ST_GeomFromText('POINT(110.0 110.0)',
        4326)) as distanceInMeters 
    FROM
        Cities 
    ORDER BY
        location <-> st_setsrid(st_makepoint(110.0,
        110.0),
        4326) LIMIT 1;
Hibernate: 
    select
        tree0_.id as id1_0_0_,
        tree0_.ip as ip2_0_0_,
        tree0_.location as location3_0_0_,
        tree0_.metersToHide as metersTo4_0_0_,
        tree0_.text as text5_0_0_,
        tree0_."timestamp" as timestam6_0_0_ 
    from
        Tree tree0_ 
    where
        tree0_.id=?
SELECT COUNT(*)FROM Tree WHERE Tree.location && ST_MakeEnvelope(110.0, 110.0, 110.0001, 110.0001, 4326) 
Hibernate: 
    SELECT
        COUNT(*)
    FROM
        Tree 
    WHERE
        Tree.location && ST_MakeEnvelope(110.0, 110.0, 110.0001, 110.0001, 4326) 
Hibernate: 
    select
        tree0_.id as id1_0_0_,
        tree0_.ip as ip2_0_0_,
        tree0_.location as location3_0_0_,
        tree0_.metersToHide as metersTo4_0_0_,
        tree0_.text as text5_0_0_,
        tree0_."timestamp" as timestam6_0_0_ 
    from
        Tree tree0_ 
    where
        tree0_.id=?
Hibernate: 
    delete 
    from
        Tree
SELECT COUNT(*)FROM Tree WHERE Tree.location && ST_MakeEnvelope(110.0, 110.0, 110.0001, 110.0001, 4326) 
Hibernate: 
    SELECT
        COUNT(*)
    FROM
        Tree 
    WHERE
        Tree.location && ST_MakeEnvelope(110.0, 110.0, 110.0001, 110.0001, 4326) 
Hibernate: 
    select
        nextval ('hibernate_sequence')
Hibernate: 
    insert 
    into
        Tree
        (ip, location, metersToHide, text, "timestamp", id) 
    values
        (?, ?, ?, ?, ?, ?)
Hibernate: 
    SELECT
        cityName,
        centerMonument,
        ST_distance_sphere(location,
        ST_GeomFromText('POINT(110.0 110.0)',
        4326)) as distanceInMeters 
    FROM
        Cities 
    ORDER BY
        location <-> st_setsrid(st_makepoint(110.0,
        110.0),
        4326) LIMIT 1;
SELECT COUNT(*)FROM Tree WHERE Tree.location && ST_MakeEnvelope(110.0, 110.0, 110.0001, 110.0001, 4326) 
Hibernate: 
    SELECT
        COUNT(*)
    FROM
        Tree 
    WHERE
        Tree.location && ST_MakeEnvelope(110.0, 110.0, 110.0001, 110.0001, 4326) 
Hibernate: 
    select
        tree0_.id as id1_0_0_,
        tree0_.ip as ip2_0_0_,
        tree0_.location as location3_0_0_,
        tree0_.metersToHide as metersTo4_0_0_,
        tree0_.text as text5_0_0_,
        tree0_."timestamp" as timestam6_0_0_ 
    from
        Tree tree0_ 
    where
        tree0_.id=?
Hibernate: 
    update
        Tree 
    set
        ip=?,
        location=?,
        metersToHide=?,
        text=?,
        "timestamp"=? 
    where
        id=?
Hibernate: 
    delete 
    from
        Tree
]]></system-out>
  <system-err><![CDATA[d’oct. 13, 2015 1:03:41 PM org.glassfish.jersey.server.ApplicationHandler initialize
INFO: Initiating Jersey application, version Jersey: 2.7 2014-03-12 18:11:31...
d’oct. 13, 2015 1:03:42 PM org.glassfish.grizzly.http.server.NetworkListener start
INFO: Started listener bound to [127.0.0.1:8080]
d’oct. 13, 2015 1:03:42 PM org.glassfish.grizzly.http.server.HttpServer start
INFO: [HttpServer] Started.
d’oct. 13, 2015 1:03:43 PM org.hibernate.jpa.internal.util.LogHelper logPersistenceUnitInformation
INFO: HHH000204: Processing PersistenceUnitInfo [
	name: org.hibernate.events.jpa
	...]
d’oct. 13, 2015 1:03:43 PM org.hibernate.Version logVersion
INFO: HHH000412: Hibernate Core {5.0.0.CR1}
d’oct. 13, 2015 1:03:43 PM org.hibernate.cfg.Environment <clinit>
INFO: HHH000206: hibernate.properties not found
d’oct. 13, 2015 1:03:43 PM org.hibernate.cfg.Environment buildBytecodeProvider
INFO: HHH000021: Bytecode provider name : javassist
d’oct. 13, 2015 1:03:43 PM org.hibernate.spatial.integration.SpatialService <init>
INFO: HHH80000001: hibernate-spatial integration enabled : true
d’oct. 13, 2015 1:03:43 PM org.hibernate.annotations.common.reflection.java.JavaReflectionManager <clinit>
INFO: HCANN000001: Hibernate Commons Annotations {4.0.5.Final}
d’oct. 13, 2015 1:03:44 PM org.hibernate.engine.jdbc.connections.internal.DriverManagerConnectionProviderImpl configure
WARN: HHH000402: Using Hibernate built-in connection pool (not for production use!)
d’oct. 13, 2015 1:03:44 PM org.hibernate.engine.jdbc.connections.internal.DriverManagerConnectionProviderImpl buildCreator
INFO: HHH000401: using driver [org.postgresql.Driver] at URL [jdbc:postgresql://52.24.21.196:5432/ourtree?ssl=true&sslfactory=org.postgresql.ssl.NonValidatingFactory]
d’oct. 13, 2015 1:03:44 PM org.hibernate.engine.jdbc.connections.internal.DriverManagerConnectionProviderImpl buildCreator
INFO: HHH000046: Connection properties: {user=ourtree, password=****}
d’oct. 13, 2015 1:03:44 PM org.hibernate.engine.jdbc.connections.internal.DriverManagerConnectionProviderImpl buildCreator
INFO: HHH000006: Autocommit mode: false
d’oct. 13, 2015 1:03:44 PM org.hibernate.engine.jdbc.connections.internal.DriverManagerConnectionProviderImpl configure
INFO: HHH000115: Hibernate connection pool size: 5 (min=1)
d’oct. 13, 2015 1:03:47 PM org.hibernate.dialect.Dialect <init>
INFO: HHH000400: Using dialect: org.hibernate.spatial.dialect.postgis.PostgisDialect
d’oct. 13, 2015 1:07:01 PM org.hibernate.engine.jdbc.env.internal.LobCreatorBuilderImpl useContextualLobCreation
INFO: HHH000424: Disabling contextual LOB creation as createClob() method threw error : java.lang.reflect.InvocationTargetException
d’oct. 13, 2015 1:07:01 PM org.hibernate.type.BasicTypeRegistry register
INFO: HHH000270: Type registration [java.util.UUID] overrides previous : org.hibernate.type.UUIDBinaryType@2ad76d56
d’oct. 13, 2015 1:07:02 PM org.hibernate.tool.hbm2ddl.SchemaUpdate execute
INFO: HHH000228: Running hbm2ddl schema update
d’oct. 13, 2015 1:07:11 PM org.hibernate.hql.internal.QueryTranslatorFactoryInitiator initiateService
INFO: HHH000397: Using ASTQueryTranslatorFactory
]]></system-err>
</testsuite>
