<?xml version="1.0" encoding="UTF-8"?>
<testsuite name="com.tubtale.otbackend.twitterpublisher.AtMessageComposerTest" tests="7" skipped="0" failures="0" errors="0" timestamp="2015-10-03T17:22:21" hostname="mbaLau.local" time="0.025">
  <properties/>
  <testcase name="getTextBeforeLockWithALock" classname="com.tubtale.otbackend.twitterpublisher.AtMessageComposerTest" time="0.015"/>
  <testcase name="getTextBeforeLockWithAbury" classname="com.tubtale.otbackend.twitterpublisher.AtMessageComposerTest" time="0.0"/>
  <testcase name="getTextBeforeLockOrBuryWithoutLockOrBuryAndTrim" classname="com.tubtale.otbackend.twitterpublisher.AtMessageComposerTest" time="0.0"/>
  <testcase name="getTextBeforeBury" classname="com.tubtale.otbackend.twitterpublisher.AtMessageComposerTest" time="0.002"/>
  <testcase name="getTextBeforeLock" classname="com.tubtale.otbackend.twitterpublisher.AtMessageComposerTest" time="0.0"/>
  <testcase name="getTextBeforeBuryWithABury" classname="com.tubtale.otbackend.twitterpublisher.AtMessageComposerTest" time="0.0"/>
  <testcase name="getTextBeforeBuryWithALock" classname="com.tubtale.otbackend.twitterpublisher.AtMessageComposerTest" time="0.0"/>
  <system-out><![CDATA[]]></system-out>
  <system-err><![CDATA[]]></system-err>
</testsuite>
