<?xml version="1.0" encoding="UTF-8"?>
<testsuite name="com.tubtale.otbackend.TreeTest" tests="0" skipped="0" failures="0" errors="0" timestamp="1970-01-01T00:00:00" hostname="mbaLau.local" time="0.0">
  <properties/>
  <system-out><![CDATA[]]></system-out>
  <system-err><![CDATA[de juny 19, 2015 1:16:54 PM org.glassfish.grizzly.http.server.NetworkListener shutdownNow
INFO: Stopped listener bound to [localhost:8080]
de juny 19, 2015 1:16:54 PM org.glassfish.grizzly.nio.GracefulShutdownRunner run
WARNING: Primary shutdown thread interrupted.  Forcing transport termination.
]]></system-err>
</testsuite>
