<?xml version="1.0" encoding="UTF-8"?>
<testsuite name="com.tubtale.otbackend.TreeTest" tests="0" skipped="0" failures="0" errors="0" timestamp="1970-01-01T00:00:00" hostname="mbaLau.local" time="0.0">
  <properties/>
  <system-out><![CDATA[]]></system-out>
  <system-err><![CDATA[de nov. 04, 2015 12:08:55 PM org.glassfish.grizzly.nio.GracefulShutdownRunner run
WARNING: Primary shutdown thread interrupted.  Forcing transport termination.
]]></system-err>
</testsuite>
