<?xml version="1.0" encoding="UTF-8"?>
<testsuite name="com.tubtale.otbackend.TreeApiTest" tests="8" skipped="0" failures="0" errors="0" timestamp="2015-06-18T10:36:08" hostname="mbaLau.local" time="230.172">
  <properties/>
  <testcase name="getV1ItemsIdShouldReturnSpecifiedTree" classname="com.tubtale.otbackend.TreeApiTest" time="205.533"/>
  <testcase name="getV1ItemsShouldReturnListOfTrees" classname="com.tubtale.otbackend.TreeApiTest" time="4.231"/>
  <testcase name="v1ItemsShouldReturnStatus200" classname="com.tubtale.otbackend.TreeApiTest" time="2.725"/>
  <testcase name="putV1ItemsIdShouldSaveNewTree" classname="com.tubtale.otbackend.TreeApiTest" time="3.891"/>
  <testcase name="deleteV1ItemsShouldDeleteAllTrees" classname="com.tubtale.otbackend.TreeApiTest" time="2.558"/>
  <testcase name="putV1ItemsShouldUpdateExistingTree" classname="com.tubtale.otbackend.TreeApiTest" time="3.788"/>
  <testcase name="getV1ItemsShouldReturnTypeApplicationJson" classname="com.tubtale.otbackend.TreeApiTest" time="2.458"/>
  <testcase name="deleteV1ItemsIdShouldDeleteExistingTree" classname="com.tubtale.otbackend.TreeApiTest" time="4.983"/>
  <system-out><![CDATA[Hibernate: 
    select
        nextval ('hibernate_sequence')
Hibernate: 
    insert 
    into
        Tree
        (ip, location, metersToHide, text, timestamp, id) 
    values
        (?, ?, ?, ?, ?, ?)
Hibernate: 
    select
        tree0_.id as id1_0_0_,
        tree0_.ip as ip2_0_0_,
        tree0_.location as location3_0_0_,
        tree0_.metersToHide as metersTo4_0_0_,
        tree0_.text as text5_0_0_,
        tree0_.timestamp as timestam6_0_0_ 
    from
        Tree tree0_ 
    where
        tree0_.id=?
Hibernate: 
    delete 
    from
        Tree
Hibernate: 
    select
        nextval ('hibernate_sequence')
Hibernate: 
    insert 
    into
        Tree
        (ip, location, metersToHide, text, timestamp, id) 
    values
        (?, ?, ?, ?, ?, ?)
Hibernate: 
    select
        nextval ('hibernate_sequence')
Hibernate: 
    insert 
    into
        Tree
        (ip, location, metersToHide, text, timestamp, id) 
    values
        (?, ?, ?, ?, ?, ?)
Hibernate: 
    select
        nextval ('hibernate_sequence')
Hibernate: 
    insert 
    into
        Tree
        (ip, location, metersToHide, text, timestamp, id) 
    values
        (?, ?, ?, ?, ?, ?)
number:3
Hibernate: 
    SELECT
        * 
    FROM
        Tree
{ "treeContent":[{"id":510,"text":"i'm the first tree in all forests","ip":"/api/v1/items/510"},{"id":511,"text":"i'm the first tree in all forests","ip":"/api/v1/items/511"},{"id":512,"text":"i'm the first tree in all forests","ip":"/api/v1/items/512"}], "emptyTrees":10 }
Hibernate: 
    delete 
    from
        Tree
number:0
Hibernate: 
    SELECT
        * 
    FROM
        Tree
Hibernate: 
    delete 
    from
        Tree
Hibernate: 
    select
        nextval ('hibernate_sequence')
Hibernate: 
    insert 
    into
        Tree
        (ip, location, metersToHide, text, timestamp, id) 
    values
        (?, ?, ?, ?, ?, ?)
Hibernate: 
    select
        tree0_.id as id1_0_0_,
        tree0_.ip as ip2_0_0_,
        tree0_.location as location3_0_0_,
        tree0_.metersToHide as metersTo4_0_0_,
        tree0_.text as text5_0_0_,
        tree0_.timestamp as timestam6_0_0_ 
    from
        Tree tree0_ 
    where
        tree0_.id=?
Hibernate: 
    SELECT
        * 
    FROM
        Tree
Hibernate: 
    delete 
    from
        Tree
deleting ALL trees
Hibernate: 
    delete 
    from
        Tree
Hibernate: 
    SELECT
        * 
    FROM
        Tree
Hibernate: 
    delete 
    from
        Tree
Hibernate: 
    select
        nextval ('hibernate_sequence')
Hibernate: 
    insert 
    into
        Tree
        (ip, location, metersToHide, text, timestamp, id) 
    values
        (?, ?, ?, ?, ?, ?)
Hibernate: 
    select
        tree0_.id as id1_0_0_,
        tree0_.ip as ip2_0_0_,
        tree0_.location as location3_0_0_,
        tree0_.metersToHide as metersTo4_0_0_,
        tree0_.text as text5_0_0_,
        tree0_.timestamp as timestam6_0_0_ 
    from
        Tree tree0_ 
    where
        tree0_.id=?
tree   ->{"id":null,"text":"This is new title","ip":null,"metersToHide":0,"timestamp":null,"x":110.0,"y":110.0}
actual ->{"id":514,"text":"This is new title","ip":null,"metersToHide":0,"timestamp":null,"x":110.0,"y":110.0}
Hibernate: 
    SELECT
        * 
    FROM
        Tree
Hibernate: 
    delete 
    from
        Tree
number:0
Hibernate: 
    SELECT
        * 
    FROM
        Tree
Hibernate: 
    delete 
    from
        Tree
Hibernate: 
    select
        nextval ('hibernate_sequence')
Hibernate: 
    insert 
    into
        Tree
        (ip, location, metersToHide, text, timestamp, id) 
    values
        (?, ?, ?, ?, ?, ?)
Hibernate: 
    select
        nextval ('hibernate_sequence')
Hibernate: 
    insert 
    into
        Tree
        (ip, location, metersToHide, text, timestamp, id) 
    values
        (?, ?, ?, ?, ?, ?)
Hibernate: 
    select
        nextval ('hibernate_sequence')
Hibernate: 
    insert 
    into
        Tree
        (ip, location, metersToHide, text, timestamp, id) 
    values
        (?, ?, ?, ?, ?, ?)
Hibernate: 
    select
        tree0_.id as id1_0_0_,
        tree0_.ip as ip2_0_0_,
        tree0_.location as location3_0_0_,
        tree0_.metersToHide as metersTo4_0_0_,
        tree0_.text as text5_0_0_,
        tree0_.timestamp as timestam6_0_0_ 
    from
        Tree tree0_ 
    where
        tree0_.id=?
Hibernate: 
    delete 
    from
        Tree 
    where
        id=515
Hibernate: 
    SELECT
        * 
    FROM
        Tree
Hibernate: 
    delete 
    from
        Tree
]]></system-out>
  <system-err><![CDATA[de juny 18, 2015 12:36:07 PM org.glassfish.jersey.server.ApplicationHandler initialize
INFO: Initiating Jersey application, version Jersey: 2.7 2014-03-12 18:11:31...
de juny 18, 2015 12:36:08 PM org.glassfish.grizzly.http.server.NetworkListener start
INFO: Started listener bound to [localhost:8080]
de juny 18, 2015 12:36:08 PM org.glassfish.grizzly.http.server.HttpServer start
INFO: [HttpServer] Started.
de juny 18, 2015 12:36:09 PM org.hibernate.ejb.HibernatePersistence logDeprecation
WARN: HHH015016: Encountered a deprecated javax.persistence.spi.PersistenceProvider [org.hibernate.ejb.HibernatePersistence]; use [org.hibernate.jpa.HibernatePersistenceProvider] instead.
de juny 18, 2015 12:36:09 PM org.hibernate.ejb.HibernatePersistence logDeprecation
WARN: HHH015016: Encountered a deprecated javax.persistence.spi.PersistenceProvider [org.hibernate.ejb.HibernatePersistence]; use [org.hibernate.jpa.HibernatePersistenceProvider] instead.
de juny 18, 2015 12:36:09 PM org.hibernate.ejb.HibernatePersistence logDeprecation
WARN: HHH015016: Encountered a deprecated javax.persistence.spi.PersistenceProvider [org.hibernate.ejb.HibernatePersistence]; use [org.hibernate.jpa.HibernatePersistenceProvider] instead.
de juny 18, 2015 12:36:09 PM org.hibernate.jpa.internal.util.LogHelper logPersistenceUnitInformation
INFO: HHH000204: Processing PersistenceUnitInfo [
	name: org.hibernate.events.jpa
	...]
de juny 18, 2015 12:36:09 PM org.hibernate.Version logVersion
INFO: HHH000412: Hibernate Core {4.3.10.Final}
de juny 18, 2015 12:36:10 PM org.hibernate.cfg.Environment <clinit>
INFO: HHH000206: hibernate.properties not found
de juny 18, 2015 12:36:10 PM org.hibernate.cfg.Environment buildBytecodeProvider
INFO: HHH000021: Bytecode provider name : javassist
de juny 18, 2015 12:36:10 PM org.hibernate.annotations.common.reflection.java.JavaReflectionManager <clinit>
INFO: HCANN000001: Hibernate Commons Annotations {4.0.5.Final}
de juny 18, 2015 12:36:10 PM org.hibernate.engine.jdbc.connections.internal.DriverManagerConnectionProviderImpl configure
WARN: HHH000402: Using Hibernate built-in connection pool (not for production use!)
de juny 18, 2015 12:36:10 PM org.hibernate.engine.jdbc.connections.internal.DriverManagerConnectionProviderImpl buildCreator
INFO: HHH000401: using driver [org.postgresql.Driver] at URL [jdbc:postgresql://52.26.137.110:5432/ourtree?ssl=true&sslfactory=org.postgresql.ssl.NonValidatingFactory]
de juny 18, 2015 12:36:10 PM org.hibernate.engine.jdbc.connections.internal.DriverManagerConnectionProviderImpl buildCreator
INFO: HHH000046: Connection properties: {user=ourtree, password=****}
de juny 18, 2015 12:36:10 PM org.hibernate.engine.jdbc.connections.internal.DriverManagerConnectionProviderImpl buildCreator
INFO: HHH000006: Autocommit mode: false
de juny 18, 2015 12:36:10 PM org.hibernate.engine.jdbc.connections.internal.DriverManagerConnectionProviderImpl configure
INFO: HHH000115: Hibernate connection pool size: 5 (min=1)
de juny 18, 2015 12:39:27 PM org.hibernate.dialect.Dialect <init>
INFO: HHH000400: Using dialect: org.hibernate.spatial.dialect.postgis.PostgisDialect
de juny 18, 2015 12:39:28 PM org.hibernate.engine.jdbc.internal.LobCreatorBuilder useContextualLobCreation
INFO: HHH000424: Disabling contextual LOB creation as createClob() method threw error : java.lang.reflect.InvocationTargetException
de juny 18, 2015 12:39:28 PM org.hibernate.hql.internal.ast.ASTQueryTranslatorFactory <init>
INFO: HHH000397: Using ASTQueryTranslatorFactory
de juny 18, 2015 12:39:29 PM org.hibernate.tool.hbm2ddl.SchemaUpdate execute
INFO: HHH000228: Running hbm2ddl schema update
de juny 18, 2015 12:39:29 PM org.hibernate.tool.hbm2ddl.SchemaUpdate execute
INFO: HHH000102: Fetching database metadata
de juny 18, 2015 12:39:29 PM org.hibernate.tool.hbm2ddl.SchemaUpdate execute
INFO: HHH000396: Updating schema
de juny 18, 2015 12:39:31 PM org.hibernate.tool.hbm2ddl.TableMetadata <init>
INFO: HHH000261: Table found: public.tree
de juny 18, 2015 12:39:31 PM org.hibernate.tool.hbm2ddl.TableMetadata <init>
INFO: HHH000037: Columns: [meterstohide, ip, location, id, text, timestamp]
de juny 18, 2015 12:39:31 PM org.hibernate.tool.hbm2ddl.TableMetadata <init>
INFO: HHH000108: Foreign keys: []
de juny 18, 2015 12:39:31 PM org.hibernate.tool.hbm2ddl.TableMetadata <init>
INFO: HHH000126: Indexes: [tree_pkey]
de juny 18, 2015 12:39:31 PM org.hibernate.tool.hbm2ddl.SchemaUpdate execute
INFO: HHH000232: Schema update complete
]]></system-err>
</testsuite>
