<?xml version="1.0" encoding="UTF-8"?>
<testsuite name="com.tubtale.otbackend.SerializationTest" tests="1" skipped="0" failures="0" errors="0" timestamp="2015-10-09T09:20:40" hostname="mbaLau.local" time="0.502">
  <properties/>
  <testcase name="putV1ItemsIdShouldSaveNewTree" classname="com.tubtale.otbackend.SerializationTest" time="0.502"/>
  <system-out><![CDATA[]]></system-out>
  <system-err><![CDATA[]]></system-err>
</testsuite>
